<?xml version="1.0" encoding="UTF-8"?>
<!-- Generated by org.testng.reporters.JUnitXMLReporter -->
<testsuite ignored="0" hostname="HafeezAshraf" failures="0" tests="1" name="Test_03" time="1.777" errors="0" timestamp="2026-06-08T15:25:22 AST">
  <testcase classname="TestCases.BaseTest" name="@BeforeTest SetUp" time="1.62">
    <failure type="java.io.FileNotFoundException" message=".\src\test\resources (Access is denied)">
      <![CDATA[java.io.FileNotFoundException: .\src\test\resources (Access is denied)
at java.base/java.io.FileInputStream.open0(Native Method)
at java.base/java.io.FileInputStream.open(FileInputStream.java:219)
at java.base/java.io.FileInputStream.<init>(FileInputStream.java:158)
at java.base/java.io.FileInputStream.<init>(FileInputStream.java:112)
at TestCases.BaseTest.SetUp(BaseTest.java:39)
at java.base/java.util.concurrent.FutureTask.run(FutureTask.java:317)
at java.base/java.util.concurrent.ThreadPoolExecutor.runWorker(ThreadPoolExecutor.java:1144)
at java.base/java.util.concurrent.ThreadPoolExecutor$Worker.run(ThreadPoolExecutor.java:642)
at java.base/java.lang.Thread.run(Thread.java:1623)
... Removed 12 stack frames]]>
    </failure>
  </testcase> <!-- @BeforeTest SetUp -->
  <testcase classname="TestCases.BaseTest" name="@AfterTest tearDown" time="0.0">
    <skipped/>
  </testcase> <!-- @AfterTest tearDown -->
  <testcase classname="TestCases.HomePageTest_01" name="HomePageOP" time="0.0">
    <skipped/>
  </testcase> <!-- HomePageOP -->
</testsuite> <!-- Test_03 -->
