<?xml version="1.0" encoding="UTF-8"?>
<!-- Generated by org.testng.reporters.JUnitXMLReporter -->
<testsuite ignored="0" hostname="HafeezAshraf" failures="0" tests="5" name="Test_01" time="79.93" errors="0" timestamp="2026-06-11T13:42:49 AST">
  <testcase classname="TestCases.LoginDataDrivenTest" name="loginDataDriven" time="8.131"/>
  <testcase classname="TestCases.LoginDataDrivenTest" name="loginDataDriven" time="10.856"/>
  <testcase classname="TestCases.LoginDataDrivenTest" name="loginDataDriven" time="7.714"/>
  <testcase classname="TestCases.LoginDataDrivenTest" name="loginDataDriven" time="7.927"/>
  <testcase classname="TestCases.LoginDataDrivenTest" name="loginDataDriven" time="4.071"/>
</testsuite> <!-- Test_01 -->
