<?xml version="1.0" encoding="UTF-8"?>
<!-- Generated by org.testng.reporters.JUnitXMLReporter -->
<testsuite ignored="1" hostname="HafeezAshraf" failures="0" tests="2" name="Test_01" time="38.761" errors="0" timestamp="2026-06-12T14:11:14 AST">
  <testcase classname="TestCases.RegistrationTest" name="HomePageOP" time="4.71"/>
  <testcase classname="TestCases.LoginTest" name="Verify_LoginTest" time="5.153"/>
  <testcase classname="TestCases.LoginDataDrivenTest" name="loginDataDriven" time="0.0">
    <ignored/>
  </testcase> <!-- loginDataDriven -->
</testsuite> <!-- Test_01 -->
