<?xml version="1.0" encoding="UTF-8"?>
<testng-results ignored="0" total="2" passed="2" failed="0" skipped="0">
  <reporter-output>
  </reporter-output>
  <suite started-at="2026-06-12T14:10:34 AST" name="Suite" finished-at="2026-06-12T14:11:13 AST" duration-ms="38761">
    <groups>
      <group name="Sanity">
        <method signature="LoginTest.Verify_LoginTest()[pri:0, instance:TestCases.LoginTest@515aebb0]" name="Verify_LoginTest" class="TestCases.LoginTest"/>
      </group> <!-- Sanity -->
      <group name="Regression">
        <method signature="LoginTest.Verify_LoginTest()[pri:0, instance:TestCases.LoginTest@515aebb0]" name="Verify_LoginTest" class="TestCases.LoginTest"/>
        <method signature="RegistrationTest.HomePageOP()[pri:0, instance:TestCases.RegistrationTest@15ff3e9e]" name="HomePageOP" class="TestCases.RegistrationTest"/>
      </group> <!-- Regression -->
      <group name="Smoke">
        <method signature="LoginTest.Verify_LoginTest()[pri:0, instance:TestCases.LoginTest@515aebb0]" name="Verify_LoginTest" class="TestCases.LoginTest"/>
        <method signature="RegistrationTest.HomePageOP()[pri:0, instance:TestCases.RegistrationTest@15ff3e9e]" name="HomePageOP" class="TestCases.RegistrationTest"/>
      </group> <!-- Smoke -->
    </groups>
    <test started-at="2026-06-12T14:10:34 AST" name="Test_01" finished-at="2026-06-12T14:11:13 AST" duration-ms="38761">
      <class name="TestCases.LoginTest">
        <test-method is-config="true" signature="SetUp(java.lang.String)[pri:0, instance:TestCases.LoginTest@515aebb0]" started-at="2026-06-12T14:11:00 AST" name="SetUp" finished-at="2026-06-12T14:11:05 AST" duration-ms="5310" status="PASS">
          <params>
            <param index="0">
              <value>
                <![CDATA[chrome]]>
              </value>
            </param>
          </params>
          <reporter-output>
          </reporter-output>
        </test-method> <!-- SetUp -->
        <test-method signature="Verify_LoginTest()[pri:0, instance:TestCases.LoginTest@515aebb0]" started-at="2026-06-12T14:11:05 AST" name="Verify_LoginTest" finished-at="2026-06-12T14:11:10 AST" duration-ms="5153" status="PASS">
          <reporter-output>
          </reporter-output>
        </test-method> <!-- Verify_LoginTest -->
        <test-method is-config="true" signature="tearDown()[pri:0, instance:TestCases.LoginTest@515aebb0]" started-at="2026-06-12T14:11:10 AST" name="tearDown" finished-at="2026-06-12T14:11:13 AST" duration-ms="2133" status="PASS">
          <reporter-output>
          </reporter-output>
        </test-method> <!-- tearDown -->
      </class> <!-- TestCases.LoginTest -->
      <class name="TestCases.RegistrationTest">
        <test-method is-config="true" signature="SetUp(java.lang.String)[pri:0, instance:TestCases.RegistrationTest@15ff3e9e]" started-at="2026-06-12T14:10:34 AST" name="SetUp" finished-at="2026-06-12T14:10:44 AST" duration-ms="9025" status="PASS">
          <params>
            <param index="0">
              <value>
                <![CDATA[chrome]]>
              </value>
            </param>
          </params>
          <reporter-output>
          </reporter-output>
        </test-method> <!-- SetUp -->
        <test-method signature="HomePageOP()[pri:0, instance:TestCases.RegistrationTest@15ff3e9e]" started-at="2026-06-12T14:10:44 AST" name="HomePageOP" finished-at="2026-06-12T14:10:48 AST" duration-ms="4710" status="PASS">
          <reporter-output>
          </reporter-output>
        </test-method> <!-- HomePageOP -->
        <test-method is-config="true" signature="tearDown()[pri:0, instance:TestCases.RegistrationTest@15ff3e9e]" started-at="2026-06-12T14:10:48 AST" name="tearDown" finished-at="2026-06-12T14:11:00 AST" duration-ms="11671" status="PASS">
          <reporter-output>
          </reporter-output>
        </test-method> <!-- tearDown -->
      </class> <!-- TestCases.RegistrationTest -->
    </test> <!-- Test_01 -->
  </suite> <!-- Suite -->
</testng-results>
