<?xml version="1.0" encoding="UTF-8"?>
<testsuite xmlns:xsi="http://www.w3.org/2001/XMLSchema-instance" xsi:noNamespaceSchemaLocation="https://maven.apache.org/surefire/maven-surefire-plugin/xsd/surefire-test-report.xsd" version="3.0.2" name="TestSuite" time="42.264" tests="2" errors="0" skipped="0" failures="0">
  <properties>
[...]
</properties>
  <testcase name="HomePageOP" classname="TestCases.RegistrationTest" time="4.743">
    <system-out><![CDATA[14:10:44.057 [TestNG-tests-1] INFO  Base.BaseTest - Test Has been started
14:10:45.352 [TestNG-tests-1] INFO  Base.BaseTest - Entering Registeration Details.
14:10:46.627 [TestNG-tests-1] INFO  Base.BaseTest - Clicking on Contineu Button.
Test Passed.
14:10:48.727 [TestNG-tests-1] INFO  Base.BaseTest - Test Case Passed.
]]></system-out>
    <system-err><![CDATA[SLF4J: Failed to load class "org.slf4j.impl.StaticLoggerBinder".
SLF4J: Defaulting to no-operation (NOP) logger implementation
SLF4J: See http://www.slf4j.org/codes.html#StaticLoggerBinder for further details.
Jun 12, 2026 2:10:40 PM org.openqa.selenium.devtools.CdpVersionFinder findNearestMatch
WARNING: Unable to find CDP implementation matching 148
Jun 12, 2026 2:10:40 PM org.openqa.selenium.chromium.ChromiumDriver lambda$new$5
WARNING: Unable to find version of CDP to use for 148.0.7778.217. You may need to include a dependency on a specific version of the CDP using something similar to `org.seleniumhq.selenium:selenium-devtools-v86:4.19.1` where the version ("v86") matches the version of the chromium-based browser you're using and the version number of the artifact is the same as Selenium's.
]]></system-err>
  </testcase>
  <testcase name="Verify_LoginTest" classname="TestCases.LoginTest" time="5.153">
    <system-out><![CDATA[14:11:06.143 [TestNG-tests-1] INFO  Base.BaseTest - Clicked on My account button.
14:11:06.914 [TestNG-tests-1] INFO  Base.BaseTest - Click on Login button
14:11:07.638 [TestNG-tests-1] INFO  Base.BaseTest - Entred the Username.
14:11:07.835 [TestNG-tests-1] INFO  Base.BaseTest - Entered Password.
14:11:09.288 [TestNG-tests-1] INFO  Base.BaseTest - Clicked Login Button.
14:11:09.310 [TestNG-tests-1] INFO  Base.BaseTest - Landed on my account Page.
14:11:09.404 [TestNG-tests-1] INFO  Base.BaseTest - My account text verified.
14:11:10.256 [TestNG-tests-1] INFO  Base.BaseTest - Clicked on Logout button.
14:11:10.927 [TestNG-tests-1] INFO  Base.BaseTest - Logout successfully.
]]></system-out>
    <system-err><![CDATA[Jun 12, 2026 2:11:03 PM org.openqa.selenium.devtools.CdpVersionFinder findNearestMatch
WARNING: Unable to find CDP implementation matching 148
Jun 12, 2026 2:11:03 PM org.openqa.selenium.chromium.ChromiumDriver lambda$new$5
WARNING: Unable to find version of CDP to use for 148.0.7778.217. You may need to include a dependency on a specific version of the CDP using something similar to `org.seleniumhq.selenium:selenium-devtools-v86:4.19.1` where the version ("v86") matches the version of the chromium-based browser you're using and the version number of the artifact is the same as Selenium's.
]]></system-err>
  </testcase>
</testsuite>