<?xml version="1.0" encoding="UTF-8"?>
<testng-results ignored="0" total="5" passed="5" failed="0" skipped="0">
  <reporter-output>
  </reporter-output>
  <suite started-at="2026-06-11T13:41:27 AST" name="Suite" finished-at="2026-06-11T13:42:47 AST" duration-ms="79930">
    <groups>
      <group name="Smoke">
        <method signature="LoginDataDrivenTest.loginDataDriven(java.lang.String,java.lang.String,java.lang.String)[pri:0, instance:TestCases.LoginDataDrivenTest@48f2bd5b]" name="loginDataDriven" class="TestCases.LoginDataDrivenTest"/>
      </group> <!-- Smoke -->
    </groups>
    <test started-at="2026-06-11T13:41:27 AST" name="Test_01" finished-at="2026-06-11T13:42:47 AST" duration-ms="79930">
      <class name="TestCases.LoginDataDrivenTest">
        <test-method is-config="true" signature="SetUp(java.lang.String)[pri:0, instance:TestCases.LoginDataDrivenTest@48f2bd5b]" started-at="2026-06-11T13:41:31 AST" name="SetUp" finished-at="2026-06-11T13:41:39 AST" duration-ms="7606" status="PASS">
          <params>
            <param index="0">
              <value>
                <![CDATA[chrome]]>
              </value>
            </param>
          </params>
          <reporter-output>
          </reporter-output>
        </test-method> <!-- SetUp -->
        <test-method signature="loginDataDriven(java.lang.String,java.lang.String,java.lang.String)[pri:0, instance:TestCases.LoginDataDrivenTest@48f2bd5b]" started-at="2026-06-11T13:41:39 AST" name="loginDataDriven" data-provider="LoginData" finished-at="2026-06-11T13:41:47 AST" duration-ms="8131" status="PASS">
          <params>
            <param index="0">
              <value>
                <![CDATA[test@codenbox.com]]>
              </value>
            </param>
            <param index="1">
              <value>
                <![CDATA[asdks123]]>
              </value>
            </param>
            <param index="2">
              <value>
                <![CDATA[Invalid]]>
              </value>
            </param>
          </params>
          <reporter-output>
          </reporter-output>
        </test-method> <!-- loginDataDriven -->
        <test-method is-config="true" signature="tearDown()[pri:0, instance:TestCases.LoginDataDrivenTest@48f2bd5b]" started-at="2026-06-11T13:41:47 AST" name="tearDown" finished-at="2026-06-11T13:41:49 AST" duration-ms="2121" status="PASS">
          <reporter-output>
          </reporter-output>
        </test-method> <!-- tearDown -->
        <test-method is-config="true" signature="SetUp(java.lang.String)[pri:0, instance:TestCases.LoginDataDrivenTest@48f2bd5b]" started-at="2026-06-11T13:41:49 AST" name="SetUp" finished-at="2026-06-11T13:41:56 AST" duration-ms="6403" status="PASS">
          <params>
            <param index="0">
              <value>
                <![CDATA[chrome]]>
              </value>
            </param>
          </params>
          <reporter-output>
          </reporter-output>
        </test-method> <!-- SetUp -->
        <test-method signature="loginDataDriven(java.lang.String,java.lang.String,java.lang.String)[pri:0, instance:TestCases.LoginDataDrivenTest@48f2bd5b]" started-at="2026-06-11T13:41:56 AST" name="loginDataDriven" data-provider="LoginData" finished-at="2026-06-11T13:42:06 AST" duration-ms="10856" status="PASS">
          <params>
            <param index="0">
              <value>
                <![CDATA[test1@codenbox.com]]>
              </value>
            </param>
            <param index="1">
              <value>
                <![CDATA[wertr123]]>
              </value>
            </param>
            <param index="2">
              <value>
                <![CDATA[Invalid]]>
              </value>
            </param>
          </params>
          <reporter-output>
          </reporter-output>
        </test-method> <!-- loginDataDriven -->
        <test-method is-config="true" signature="tearDown()[pri:0, instance:TestCases.LoginDataDrivenTest@48f2bd5b]" started-at="2026-06-11T13:42:06 AST" name="tearDown" finished-at="2026-06-11T13:42:07 AST" duration-ms="866" status="PASS">
          <reporter-output>
          </reporter-output>
        </test-method> <!-- tearDown -->
        <test-method is-config="true" signature="SetUp(java.lang.String)[pri:0, instance:TestCases.LoginDataDrivenTest@48f2bd5b]" started-at="2026-06-11T13:42:07 AST" name="SetUp" finished-at="2026-06-11T13:42:13 AST" duration-ms="5682" status="PASS">
          <params>
            <param index="0">
              <value>
                <![CDATA[chrome]]>
              </value>
            </param>
          </params>
          <reporter-output>
          </reporter-output>
        </test-method> <!-- SetUp -->
        <test-method signature="loginDataDriven(java.lang.String,java.lang.String,java.lang.String)[pri:0, instance:TestCases.LoginDataDrivenTest@48f2bd5b]" started-at="2026-06-11T13:42:13 AST" name="loginDataDriven" data-provider="LoginData" finished-at="2026-06-11T13:42:21 AST" duration-ms="7714" status="PASS">
          <params>
            <param index="0">
              <value>
                <![CDATA[test2@codenbox.com]]>
              </value>
            </param>
            <param index="1">
              <value>
                <![CDATA[jsndfs234]]>
              </value>
            </param>
            <param index="2">
              <value>
                <![CDATA[Invalid]]>
              </value>
            </param>
          </params>
          <reporter-output>
          </reporter-output>
        </test-method> <!-- loginDataDriven -->
        <test-method is-config="true" signature="tearDown()[pri:0, instance:TestCases.LoginDataDrivenTest@48f2bd5b]" started-at="2026-06-11T13:42:21 AST" name="tearDown" finished-at="2026-06-11T13:42:21 AST" duration-ms="381" status="PASS">
          <reporter-output>
          </reporter-output>
        </test-method> <!-- tearDown -->
        <test-method is-config="true" signature="SetUp(java.lang.String)[pri:0, instance:TestCases.LoginDataDrivenTest@48f2bd5b]" started-at="2026-06-11T13:42:21 AST" name="SetUp" finished-at="2026-06-11T13:42:27 AST" duration-ms="6444" status="PASS">
          <params>
            <param index="0">
              <value>
                <![CDATA[chrome]]>
              </value>
            </param>
          </params>
          <reporter-output>
          </reporter-output>
        </test-method> <!-- SetUp -->
        <test-method signature="loginDataDriven(java.lang.String,java.lang.String,java.lang.String)[pri:0, instance:TestCases.LoginDataDrivenTest@48f2bd5b]" started-at="2026-06-11T13:42:27 AST" name="loginDataDriven" data-provider="LoginData" finished-at="2026-06-11T13:42:35 AST" duration-ms="7927" status="PASS">
          <params>
            <param index="0">
              <value>
                <![CDATA[]]>
              </value>
            </param>
            <param index="1">
              <value>
                <![CDATA[kjasn124]]>
              </value>
            </param>
            <param index="2">
              <value>
                <![CDATA[Invalid]]>
              </value>
            </param>
          </params>
          <reporter-output>
          </reporter-output>
        </test-method> <!-- loginDataDriven -->
        <test-method is-config="true" signature="tearDown()[pri:0, instance:TestCases.LoginDataDrivenTest@48f2bd5b]" started-at="2026-06-11T13:42:35 AST" name="tearDown" finished-at="2026-06-11T13:42:36 AST" duration-ms="595" status="PASS">
          <reporter-output>
          </reporter-output>
        </test-method> <!-- tearDown -->
        <test-method is-config="true" signature="SetUp(java.lang.String)[pri:0, instance:TestCases.LoginDataDrivenTest@48f2bd5b]" started-at="2026-06-11T13:42:36 AST" name="SetUp" finished-at="2026-06-11T13:42:43 AST" duration-ms="6651" status="PASS">
          <params>
            <param index="0">
              <value>
                <![CDATA[chrome]]>
              </value>
            </param>
          </params>
          <reporter-output>
          </reporter-output>
        </test-method> <!-- SetUp -->
        <test-method signature="loginDataDriven(java.lang.String,java.lang.String,java.lang.String)[pri:0, instance:TestCases.LoginDataDrivenTest@48f2bd5b]" started-at="2026-06-11T13:42:43 AST" name="loginDataDriven" data-provider="LoginData" finished-at="2026-06-11T13:42:47 AST" duration-ms="4071" status="PASS">
          <params>
            <param index="0">
              <value>
                <![CDATA[samiraja411@gmail.com]]>
              </value>
            </param>
            <param index="1">
              <value>
                <![CDATA[03557609472]]>
              </value>
            </param>
            <param index="2">
              <value>
                <![CDATA[Valid]]>
              </value>
            </param>
          </params>
          <reporter-output>
          </reporter-output>
        </test-method> <!-- loginDataDriven -->
        <test-method is-config="true" signature="tearDown()[pri:0, instance:TestCases.LoginDataDrivenTest@48f2bd5b]" started-at="2026-06-11T13:42:47 AST" name="tearDown" finished-at="2026-06-11T13:42:47 AST" duration-ms="288" status="PASS">
          <reporter-output>
          </reporter-output>
        </test-method> <!-- tearDown -->
      </class> <!-- TestCases.LoginDataDrivenTest -->
    </test> <!-- Test_01 -->
  </suite> <!-- Suite -->
</testng-results>
