<?xml version="1.0" encoding="UTF-8"?>
<!-- Generated by org.testng.reporters.JUnitReportReporter -->
<testsuite hostname="HafeezAshraf" failures="0" tests="5" name="TestCases.LoginDataDrivenTest" time="75.736" errors="0" timestamp="2026-06-11T13:42:49 AST" skipped="0">
  <testcase classname="TestCases.LoginDataDrivenTest" name="loginDataDriven" time="14.475"/>
  <testcase classname="TestCases.LoginDataDrivenTest" name="loginDataDriven" time="16.118"/>
  <testcase classname="TestCases.LoginDataDrivenTest" name="loginDataDriven" time="12.636"/>
  <testcase classname="TestCases.LoginDataDrivenTest" name="loginDataDriven" time="17.795"/>
  <testcase classname="TestCases.LoginDataDrivenTest" name="loginDataDriven" time="14.712"/>
</testsuite> <!-- TestCases.LoginDataDrivenTest -->
