<?xml version="1.0" encoding="UTF-8"?>
<!-- Generated by org.testng.reporters.JUnitReportReporter -->
<testsuite hostname="HafeezAshraf" failures="0" tests="5" name="TestCases.LoginDataDrivenTest" time="109.686" errors="0" timestamp="2026-06-11T14:00:45 AST" skipped="0">
  <testcase classname="TestCases.LoginDataDrivenTest" name="loginDataDriven" time="16.649"/>
  <testcase classname="TestCases.LoginDataDrivenTest" name="loginDataDriven" time="15.773"/>
  <testcase classname="TestCases.LoginDataDrivenTest" name="loginDataDriven" time="16.525"/>
  <testcase classname="TestCases.LoginDataDrivenTest" name="loginDataDriven" time="46.876"/>
  <testcase classname="TestCases.LoginDataDrivenTest" name="loginDataDriven" time="13.863"/>
</testsuite> <!-- TestCases.LoginDataDrivenTest -->
